command: F:\p2\backend\.venv\Scripts\python.exe scripts/check_topic5_mapping_v2_gate.py --output F:\p2\reports\topic5_batch_2\verification\evaluator_reports\mapping_v2_gate.json
cwd: F:\p2
status: passed
return_code: 0
duration_seconds: 0.132629

[stdout]
{
  "calibration_sha256": "15eb7e63aca06e822b08b21ef4ff07a3a96a98acd845bd921306866150f89ac0",
  "can_claim_production_blind_0_85": false,
  "claim_boundary": "frozen_public_mapping_v2_only",
  "dataset_sha256": "69a939bbdddc9894b645951621e75b186f7c07f824df13955ab2fe253b22755c",
  "dev_report_sha256": "12cea80686802a9c611ca8f030f46012c163a1bfdd7a95f847ac383a4db62a20",
  "engine_commit": "e2101d0d0cc95235585fc7c2fdd25a0767e19234",
  "external_blind_status": "not_run",
  "failures": [],
  "status": "passed",
  "test_metrics": {
    "abstention_rate": 0.0,
    "auto_exact_field_accuracy": 0.9962825278810409,
    "auto_f1": 0.9981378026070763,
    "auto_precision": 1.0,
    "auto_recall": 0.9962825278810409,
    "document_count": 45,
    "duplicate_source_violation_count": 0,
    "invalid_cardinality_count": 0,
    "macro_f1_by_schema": 0.9976525821596244,
    "negative_pair_violation_count": 0,
    "per_schema_f1": {
      "event_brief": 1.0,
      "grant_program": 1.0,
      "meeting_record": 1.0,
      "policy_release": 1.0,
      "procurement_notice": 1.0,
      "service_guide": 0.9859154929577464
    },
    "required_present_field_recall": 1.0,
    "review_required_rate": 0.0,
    "schema_held_out_f1": 1.0,
    "test_vs_dev_gap": -0.001925681394955081
  },
  "test_report_sha256": "5066c15ba1e8fcce7ee9d96e75905d33db2681c78545973bde179806ed368c7d"
}

[stderr]
